<?xml version="1.0" encoding="UTF-8"?>
<testng-results skipped="0" failed="0" ignored="0" total="1" passed="1">
  <reporter-output>
  </reporter-output>
  <suite name="Default suite" duration-ms="26562" started-at="2020-02-13T06:41:46Z" finished-at="2020-02-13T06:42:12Z">
    <groups>
    </groups>
    <test name="Default test" duration-ms="26562" started-at="2020-02-13T06:41:46Z" finished-at="2020-02-13T06:42:12Z">
      <class name="com.training.sanity.tests.LoginTests">
        <test-method status="PASS" signature="setUpBeforeClass()[pri:0, instance:com.training.sanity.tests.LoginTests@cc285f4]" name="setUpBeforeClass" is-config="true" duration-ms="16" started-at="2020-02-13T12:11:46Z" finished-at="2020-02-13T12:11:46Z">
          <reporter-output>
          </reporter-output>
        </test-method> <!-- setUpBeforeClass -->
        <test-method status="PASS" signature="setUp()[pri:0, instance:com.training.sanity.tests.LoginTests@cc285f4]" name="setUp" is-config="true" duration-ms="12709" started-at="2020-02-13T12:11:46Z" finished-at="2020-02-13T12:11:58Z">
          <reporter-output>
          </reporter-output>
        </test-method> <!-- setUp -->
        <test-method status="PASS" signature="validLoginTest()[pri:0, instance:com.training.sanity.tests.LoginTests@cc285f4]" name="validLoginTest" duration-ms="11886" started-at="2020-02-13T12:11:58Z" finished-at="2020-02-13T12:12:10Z">
          <reporter-output>
          </reporter-output>
        </test-method> <!-- validLoginTest -->
        <test-method status="PASS" signature="tearDown()[pri:0, instance:com.training.sanity.tests.LoginTests@cc285f4]" name="tearDown" is-config="true" duration-ms="1922" started-at="2020-02-13T12:12:10Z" finished-at="2020-02-13T12:12:12Z">
          <reporter-output>
          </reporter-output>
        </test-method> <!-- tearDown -->
      </class> <!-- com.training.sanity.tests.LoginTests -->
    </test> <!-- Default test -->
  </suite> <!-- Default suite -->
</testng-results>
