<?xml version="1.0" encoding="UTF-8"?>
<testng-results skipped="0" failed="0" ignored="0" total="1" passed="1">
  <reporter-output>
  </reporter-output>
  <suite name="Default suite" duration-ms="26380" started-at="2020-02-16T18:55:35Z" finished-at="2020-02-16T18:56:02Z">
    <groups>
    </groups>
    <test name="Default test" duration-ms="26380" started-at="2020-02-16T18:55:35Z" finished-at="2020-02-16T18:56:02Z">
      <class name="com.training.sanity.tests.LoginTests">
        <test-method status="PASS" signature="setUpBeforeClass()[pri:0, instance:com.training.sanity.tests.LoginTests@cc285f4]" name="setUpBeforeClass" is-config="true" duration-ms="12" started-at="2020-02-17T00:25:36Z" finished-at="2020-02-17T00:25:36Z">
          <reporter-output>
          </reporter-output>
        </test-method> <!-- setUpBeforeClass -->
        <test-method status="PASS" signature="setUp()[pri:0, instance:com.training.sanity.tests.LoginTests@cc285f4]" name="setUp" is-config="true" duration-ms="12772" started-at="2020-02-17T00:25:36Z" finished-at="2020-02-17T00:25:48Z">
          <reporter-output>
          </reporter-output>
        </test-method> <!-- setUp -->
        <test-method status="PASS" signature="validLoginTest()[pri:0, instance:com.training.sanity.tests.LoginTests@cc285f4]" name="validLoginTest" duration-ms="11653" started-at="2020-02-17T00:25:48Z" finished-at="2020-02-17T00:26:00Z">
          <reporter-output>
          </reporter-output>
        </test-method> <!-- validLoginTest -->
        <test-method status="PASS" signature="tearDown()[pri:0, instance:com.training.sanity.tests.LoginTests@cc285f4]" name="tearDown" is-config="true" duration-ms="1918" started-at="2020-02-17T00:26:00Z" finished-at="2020-02-17T00:26:02Z">
          <reporter-output>
          </reporter-output>
        </test-method> <!-- tearDown -->
      </class> <!-- com.training.sanity.tests.LoginTests -->
    </test> <!-- Default test -->
  </suite> <!-- Default suite -->
</testng-results>
