<?xml version="1.0" encoding="UTF-8"?>
<!-- Generated by org.testng.reporters.JUnitXMLReporter -->
<testsuite hostname="IBM-Testing01" ignored="0" name="Default test" tests="2" failures="0" timestamp="16 Feb 2020 04:15:45 GMT" time="67.627" errors="0">
  <testcase name="validLoginTest" time="18.207" classname="com.training.sanity.tests.LoginComplexTests11"/>
  <testcase name="validLoginTest" time="15.405" classname="com.training.sanity.tests.LoginComplexTests11"/>
</testsuite> <!-- Default test -->
